<?xml version="1.0" encoding="UTF-8"?>
<coverage generated="1751115422678" clover="3.2.0">
  <project timestamp="1751115422678" name="All files">
    <metrics statements="8" coveredstatements="8" conditionals="9" coveredconditionals="9" methods="1" coveredmethods="1" elements="18" coveredelements="18" complexity="0" loc="8" ncloc="8" packages="1" files="1" classes="1"/>
    <file name="utils.ts" path="/Users/mdadilkhan/Documents/JavascriptAndTypeScript/NodejsWithTs/src/utils.ts">
      <metrics statements="8" coveredstatements="8" conditionals="9" coveredconditionals="9" methods="1" coveredmethods="1"/>
      <line num="2" count="1" type="stmt"/>
      <line num="3" count="11" type="cond" truecount="2" falsecount="0"/>
      <line num="4" count="1" type="stmt"/>
      <line num="6" count="10" type="cond" truecount="5" falsecount="0"/>
      <line num="7" count="3" type="stmt"/>
      <line num="9" count="7" type="cond" truecount="2" falsecount="0"/>
      <line num="10" count="1" type="stmt"/>
      <line num="12" count="6" type="stmt"/>
    </file>
  </project>
</coverage>
